{"C:\\Users\\danii\\OneDrive\\Рабочий стол\\Test\\src\\App.tsx": {"path":"C:\\Users\\danii\\OneDrive\\Рабочий стол\\Test\\src\\App.tsx","statementMap":{"0":{"start":{"line":1,"column":0},"end":{"line":1,"column":30}},"1":{"start":{"line":2,"column":0},"end":{"line":2,"column":45}},"2":{"start":{"line":3,"column":0},"end":{"line":3,"column":73}},"3":{"start":{"line":4,"column":20},"end":{"line":4,"column":37}},"4":{"start":{"line":5,"column":29},"end":{"line":11,"column":1}},"5":{"start":{"line":6,"column":2},"end":{"line":10,"column":4}},"6":{"start":{"line":5,"column":13},"end":{"line":5,"column":29}}},"fnMap":{"0":{"name":"(anonymous_0)","decl":{"start":{"line":5,"column":29},"end":{"line":5,"column":32}},"loc":{"start":{"line":5,"column":34},"end":{"line":11,"column":1}}}},"branchMap":{},"s":{"0":2,"1":2,"2":2,"3":2,"4":2,"5":3,"6":2},"f":{"0":3},"b":{}}
,"C:\\Users\\danii\\OneDrive\\Рабочий стол\\Test\\src\\components\\index.ts": {"path":"C:\\Users\\danii\\OneDrive\\Рабочий стол\\Test\\src\\components\\index.ts","statementMap":{"0":{"start":{"line":1,"column":0},"end":{"line":1,"column":24}},"1":{"start":{"line":2,"column":0},"end":{"line":2,"column":25}},"2":{"start":{"line":3,"column":0},"end":{"line":3,"column":23}},"3":{"start":{"line":4,"column":0},"end":{"line":4,"column":23}},"4":{"start":{"line":5,"column":0},"end":{"line":5,"column":25}},"5":{"start":{"line":6,"column":0},"end":{"line":6,"column":24}}},"fnMap":{},"branchMap":{},"s":{"0":11,"1":11,"2":11,"3":11,"4":11,"5":11},"f":{},"b":{}}
,"C:\\Users\\danii\\OneDrive\\Рабочий стол\\Test\\src\\components\\Button\\Button.tsx": {"path":"C:\\Users\\danii\\OneDrive\\Рабочий стол\\Test\\src\\components\\Button\\Button.tsx","statementMap":{"0":{"start":{"line":2,"column":0},"end":{"line":2,"column":42}},"1":{"start":{"line":3,"column":0},"end":{"line":3,"column":28}},"2":{"start":{"line":11,"column":39},"end":{"line":18,"column":1}},"3":{"start":{"line":12,"column":20},"end":{"line":12,"column":63}},"4":{"start":{"line":13,"column":2},"end":{"line":17,"column":4}},"5":{"start":{"line":11,"column":13},"end":{"line":11,"column":39}}},"fnMap":{"0":{"name":"(anonymous_1)","decl":{"start":{"line":11,"column":39},"end":{"line":11,"column":40}},"loc":{"start":{"line":11,"column":93},"end":{"line":18,"column":1}}}},"branchMap":{"0":{"loc":{"start":{"line":11,"column":42},"end":{"line":11,"column":58}},"type":"default-arg","locations":[{"start":{"line":11,"column":49},"end":{"line":11,"column":58}}]}},"s":{"0":11,"1":11,"2":11,"3":12,"4":12,"5":11},"f":{"0":12},"b":{"0":[1]}}
,"C:\\Users\\danii\\OneDrive\\Рабочий стол\\Test\\src\\components\\Button\\index.ts": {"path":"C:\\Users\\danii\\OneDrive\\Рабочий стол\\Test\\src\\components\\Button\\index.ts","statementMap":{"0":{"start":{"line":1,"column":0},"end":{"line":1,"column":9}},"1":{"start":{"line":1,"column":9},"end":{"line":1,"column":34}}},"fnMap":{"0":{"name":"(anonymous_0)","decl":{"start":{"line":1,"column":9},"end":{"line":1,"column":15}},"loc":{"start":{"line":1,"column":9},"end":{"line":1,"column":34}}}},"branchMap":{},"s":{"0":11,"1":23},"f":{"0":12},"b":{}}
,"C:\\Users\\danii\\OneDrive\\Рабочий стол\\Test\\src\\components\\Card\\Card.tsx": {"path":"C:\\Users\\danii\\OneDrive\\Рабочий стол\\Test\\src\\components\\Card\\Card.tsx","statementMap":{"0":{"start":{"line":2,"column":0},"end":{"line":2,"column":40}},"1":{"start":{"line":9,"column":35},"end":{"line":16,"column":1}},"2":{"start":{"line":10,"column":2},"end":{"line":15,"column":4}},"3":{"start":{"line":9,"column":13},"end":{"line":9,"column":35}}},"fnMap":{"0":{"name":"(anonymous_1)","decl":{"start":{"line":9,"column":35},"end":{"line":9,"column":36}},"loc":{"start":{"line":9,"column":65},"end":{"line":16,"column":1}}}},"branchMap":{},"s":{"0":11,"1":11,"2":1,"3":11},"f":{"0":1},"b":{}}
,"C:\\Users\\danii\\OneDrive\\Рабочий стол\\Test\\src\\components\\Card\\index.ts": {"path":"C:\\Users\\danii\\OneDrive\\Рабочий стол\\Test\\src\\components\\Card\\index.ts","statementMap":{"0":{"start":{"line":1,"column":0},"end":{"line":1,"column":9}},"1":{"start":{"line":1,"column":9},"end":{"line":1,"column":41}}},"fnMap":{"0":{"name":"(anonymous_0)","decl":{"start":{"line":1,"column":9},"end":{"line":1,"column":13}},"loc":{"start":{"line":1,"column":9},"end":{"line":1,"column":41}}}},"branchMap":{},"s":{"0":11,"1":12},"f":{"0":1},"b":{}}
,"C:\\Users\\danii\\OneDrive\\Рабочий стол\\Test\\src\\components\\Form\\Form.tsx": {"path":"C:\\Users\\danii\\OneDrive\\Рабочий стол\\Test\\src\\components\\Form\\Form.tsx","statementMap":{"0":{"start":{"line":2,"column":0},"end":{"line":2,"column":40}},"1":{"start":{"line":7,"column":35},"end":{"line":13,"column":1}},"2":{"start":{"line":8,"column":2},"end":{"line":12,"column":4}},"3":{"start":{"line":7,"column":13},"end":{"line":7,"column":35}}},"fnMap":{"0":{"name":"(anonymous_1)","decl":{"start":{"line":7,"column":35},"end":{"line":7,"column":36}},"loc":{"start":{"line":7,"column":62},"end":{"line":13,"column":1}}}},"branchMap":{},"s":{"0":11,"1":11,"2":2,"3":11},"f":{"0":2},"b":{}}
,"C:\\Users\\danii\\OneDrive\\Рабочий стол\\Test\\src\\components\\Form\\index.ts": {"path":"C:\\Users\\danii\\OneDrive\\Рабочий стол\\Test\\src\\components\\Form\\index.ts","statementMap":{"0":{"start":{"line":1,"column":0},"end":{"line":1,"column":9}},"1":{"start":{"line":1,"column":9},"end":{"line":1,"column":30}}},"fnMap":{"0":{"name":"(anonymous_0)","decl":{"start":{"line":1,"column":9},"end":{"line":1,"column":13}},"loc":{"start":{"line":1,"column":9},"end":{"line":1,"column":30}}}},"branchMap":{},"s":{"0":11,"1":13},"f":{"0":2},"b":{}}
,"C:\\Users\\danii\\OneDrive\\Рабочий стол\\Test\\src\\components\\Header\\Header.tsx": {"path":"C:\\Users\\danii\\OneDrive\\Рабочий стол\\Test\\src\\components\\Header\\Header.tsx","statementMap":{"0":{"start":{"line":1,"column":0},"end":{"line":1,"column":42}},"1":{"start":{"line":2,"column":22},"end":{"line":8,"column":1}},"2":{"start":{"line":3,"column":2},"end":{"line":7,"column":4}},"3":{"start":{"line":2,"column":13},"end":{"line":2,"column":22}}},"fnMap":{"0":{"name":"(anonymous_1)","decl":{"start":{"line":2,"column":22},"end":{"line":2,"column":25}},"loc":{"start":{"line":2,"column":27},"end":{"line":8,"column":1}}}},"branchMap":{},"s":{"0":11,"1":11,"2":5,"3":11},"f":{"0":5},"b":{}}
,"C:\\Users\\danii\\OneDrive\\Рабочий стол\\Test\\src\\components\\Header\\index.ts": {"path":"C:\\Users\\danii\\OneDrive\\Рабочий стол\\Test\\src\\components\\Header\\index.ts","statementMap":{"0":{"start":{"line":1,"column":0},"end":{"line":1,"column":9}},"1":{"start":{"line":1,"column":9},"end":{"line":1,"column":34}}},"fnMap":{"0":{"name":"(anonymous_0)","decl":{"start":{"line":1,"column":9},"end":{"line":1,"column":15}},"loc":{"start":{"line":1,"column":9},"end":{"line":1,"column":34}}}},"branchMap":{},"s":{"0":11,"1":16},"f":{"0":5},"b":{}}
,"C:\\Users\\danii\\OneDrive\\Рабочий стол\\Test\\src\\components\\Input\\Input.tsx": {"path":"C:\\Users\\danii\\OneDrive\\Рабочий стол\\Test\\src\\components\\Input\\Input.tsx","statementMap":{"0":{"start":{"line":1,"column":0},"end":{"line":1,"column":48}},"1":{"start":{"line":2,"column":0},"end":{"line":2,"column":41}},"2":{"start":{"line":10,"column":13},"end":{"line":25,"column":2}},"3":{"start":{"line":12,"column":4},"end":{"line":23,"column":6}}},"fnMap":{"0":{"name":"(anonymous_1)","decl":{"start":{"line":11,"column":2},"end":{"line":11,"column":3}},"loc":{"start":{"line":11,"column":43},"end":{"line":24,"column":3}}}},"branchMap":{},"s":{"0":11,"1":11,"2":11,"3":4},"f":{"0":4},"b":{}}
,"C:\\Users\\danii\\OneDrive\\Рабочий стол\\Test\\src\\components\\Input\\index.ts": {"path":"C:\\Users\\danii\\OneDrive\\Рабочий стол\\Test\\src\\components\\Input\\index.ts","statementMap":{"0":{"start":{"line":1,"column":0},"end":{"line":1,"column":9}},"1":{"start":{"line":1,"column":9},"end":{"line":1,"column":32}}},"fnMap":{"0":{"name":"(anonymous_0)","decl":{"start":{"line":1,"column":9},"end":{"line":1,"column":14}},"loc":{"start":{"line":1,"column":9},"end":{"line":1,"column":32}}}},"branchMap":{},"s":{"0":11,"1":15},"f":{"0":4},"b":{}}
,"C:\\Users\\danii\\OneDrive\\Рабочий стол\\Test\\src\\components\\Modal\\Modal.tsx": {"path":"C:\\Users\\danii\\OneDrive\\Рабочий стол\\Test\\src\\components\\Modal\\Modal.tsx","statementMap":{"0":{"start":{"line":1,"column":0},"end":{"line":1,"column":60}},"1":{"start":{"line":2,"column":0},"end":{"line":2,"column":41}},"2":{"start":{"line":3,"column":0},"end":{"line":3,"column":41}},"3":{"start":{"line":6,"column":20},"end":{"line":6,"column":69}},"4":{"start":{"line":8,"column":37},"end":{"line":28,"column":1}},"5":{"start":{"line":9,"column":22},"end":{"line":12,"column":3}},"6":{"start":{"line":10,"column":4},"end":{"line":10,"column":53}},"7":{"start":{"line":10,"column":46},"end":{"line":10,"column":53}},"8":{"start":{"line":11,"column":4},"end":{"line":11,"column":14}},"9":{"start":{"line":14,"column":2},"end":{"line":19,"column":15}},"10":{"start":{"line":15,"column":4},"end":{"line":15,"column":56}},"11":{"start":{"line":15,"column":16},"end":{"line":15,"column":56}},"12":{"start":{"line":16,"column":4},"end":{"line":18,"column":6}},"13":{"start":{"line":17,"column":6},"end":{"line":17,"column":47}},"14":{"start":{"line":21,"column":2},"end":{"line":21,"column":27}},"15":{"start":{"line":21,"column":15},"end":{"line":21,"column":27}},"16":{"start":{"line":22,"column":2},"end":{"line":27,"column":4}},"17":{"start":{"line":8,"column":13},"end":{"line":8,"column":37}}},"fnMap":{"0":{"name":"(anonymous_1)","decl":{"start":{"line":8,"column":37},"end":{"line":8,"column":38}},"loc":{"start":{"line":8,"column":71},"end":{"line":28,"column":1}}},"1":{"name":"(anonymous_2)","decl":{"start":{"line":9,"column":22},"end":{"line":9,"column":23}},"loc":{"start":{"line":9,"column":44},"end":{"line":12,"column":3}}},"2":{"name":"(anonymous_3)","decl":{"start":{"line":14,"column":12},"end":{"line":14,"column":15}},"loc":{"start":{"line":14,"column":17},"end":{"line":19,"column":3}}},"3":{"name":"(anonymous_4)","decl":{"start":{"line":16,"column":11},"end":{"line":16,"column":14}},"loc":{"start":{"line":16,"column":16},"end":{"line":18,"column":5}}}},"branchMap":{"0":{"loc":{"start":{"line":6,"column":20},"end":{"line":6,"column":69}},"type":"binary-expr","locations":[{"start":{"line":6,"column":20},"end":{"line":6,"column":52}},{"start":{"line":6,"column":56},"end":{"line":6,"column":69}}]},"1":{"loc":{"start":{"line":10,"column":4},"end":{"line":10,"column":53}},"type":"if","locations":[{"start":{"line":10,"column":4},"end":{"line":10,"column":53}}]},"2":{"loc":{"start":{"line":15,"column":4},"end":{"line":15,"column":56}},"type":"if","locations":[{"start":{"line":15,"column":4},"end":{"line":15,"column":56}}]},"3":{"loc":{"start":{"line":21,"column":2},"end":{"line":21,"column":27}},"type":"if","locations":[{"start":{"line":21,"column":2},"end":{"line":21,"column":27}}]}},"s":{"0":11,"1":11,"2":11,"3":11,"4":11,"5":5,"6":0,"7":0,"8":0,"9":5,"10":2,"11":0,"12":2,"13":2,"14":5,"15":5,"16":0,"17":11},"f":{"0":5,"1":0,"2":2,"3":2},"b":{"0":[11,11],"1":[0],"2":[0],"3":[5]}}
,"C:\\Users\\danii\\OneDrive\\Рабочий стол\\Test\\src\\components\\Modal\\index.ts": {"path":"C:\\Users\\danii\\OneDrive\\Рабочий стол\\Test\\src\\components\\Modal\\index.ts","statementMap":{"0":{"start":{"line":1,"column":0},"end":{"line":1,"column":9}},"1":{"start":{"line":1,"column":9},"end":{"line":1,"column":44}}},"fnMap":{"0":{"name":"(anonymous_0)","decl":{"start":{"line":1,"column":9},"end":{"line":1,"column":14}},"loc":{"start":{"line":1,"column":9},"end":{"line":1,"column":44}}}},"branchMap":{},"s":{"0":11,"1":16},"f":{"0":5},"b":{}}
,"C:\\Users\\danii\\OneDrive\\Рабочий стол\\Test\\src\\helpers\\createApi.ts": {"path":"C:\\Users\\danii\\OneDrive\\Рабочий стол\\Test\\src\\helpers\\createApi.ts","statementMap":{"0":{"start":{"line":1,"column":0},"end":{"line":1,"column":42}},"1":{"start":{"line":7,"column":17},"end":{"line":7,"column":40}},"2":{"start":{"line":9,"column":25},"end":{"line":25,"column":1}},"3":{"start":{"line":10,"column":24},"end":{"line":12,"column":4}},"4":{"start":{"line":14,"column":2},"end":{"line":22,"column":4}},"5":{"start":{"line":15,"column":18},"end":{"line":15,"column":26}},"6":{"start":{"line":17,"column":6},"end":{"line":19,"column":7}},"7":{"start":{"line":18,"column":8},"end":{"line":18,"column":41}},"8":{"start":{"line":20,"column":6},"end":{"line":20,"column":18}},"9":{"start":{"line":24,"column":2},"end":{"line":24,"column":23}},"10":{"start":{"line":9,"column":13},"end":{"line":9,"column":25}}},"fnMap":{"0":{"name":"(anonymous_1)","decl":{"start":{"line":9,"column":25},"end":{"line":9,"column":26}},"loc":{"start":{"line":9,"column":42},"end":{"line":25,"column":1}}},"1":{"name":"(anonymous_2)","decl":{"start":{"line":15,"column":4},"end":{"line":15,"column":5}},"loc":{"start":{"line":15,"column":18},"end":{"line":15,"column":26}}},"2":{"name":"(anonymous_3)","decl":{"start":{"line":16,"column":4},"end":{"line":16,"column":5}},"loc":{"start":{"line":16,"column":45},"end":{"line":21,"column":5}}}},"branchMap":{"0":{"loc":{"start":{"line":17,"column":6},"end":{"line":19,"column":7}},"type":"if","locations":[{"start":{"line":17,"column":6},"end":{"line":19,"column":7}}]}},"s":{"0":3,"1":3,"2":3,"3":3,"4":3,"5":0,"6":0,"7":0,"8":0,"9":3,"10":3},"f":{"0":3,"1":0,"2":0},"b":{"0":[0]}}
,"C:\\Users\\danii\\OneDrive\\Рабочий стол\\Test\\src\\helpers\\index.ts": {"path":"C:\\Users\\danii\\OneDrive\\Рабочий стол\\Test\\src\\helpers\\index.ts","statementMap":{"0":{"start":{"line":1,"column":0},"end":{"line":1,"column":28}}},"fnMap":{},"branchMap":{},"s":{"0":3},"f":{},"b":{}}
,"C:\\Users\\danii\\OneDrive\\Рабочий стол\\Test\\src\\pages\\main-page\\MainPage.tsx": {"path":"C:\\Users\\danii\\OneDrive\\Рабочий стол\\Test\\src\\pages\\main-page\\MainPage.tsx","statementMap":{"0":{"start":{"line":1,"column":0},"end":{"line":1,"column":44}},"1":{"start":{"line":2,"column":0},"end":{"line":2,"column":55}},"2":{"start":{"line":3,"column":0},"end":{"line":3,"column":45}},"3":{"start":{"line":4,"column":0},"end":{"line":4,"column":41}},"4":{"start":{"line":5,"column":0},"end":{"line":5,"column":33}},"5":{"start":{"line":6,"column":0},"end":{"line":6,"column":78}},"6":{"start":{"line":9,"column":24},"end":{"line":59,"column":1}},"7":{"start":{"line":10,"column":19},"end":{"line":10,"column":32}},"8":{"start":{"line":11,"column":32},"end":{"line":11,"column":44}},"9":{"start":{"line":12,"column":35},"end":{"line":12,"column":50}},"10":{"start":{"line":13,"column":35},"end":{"line":13,"column":50}},"11":{"start":{"line":14,"column":40},"end":{"line":14,"column":55}},"12":{"start":{"line":15,"column":32},"end":{"line":15,"column":62}},"13":{"start":{"line":17,"column":27},"end":{"line":20,"column":3}},"14":{"start":{"line":18,"column":4},"end":{"line":18,"column":21}},"15":{"start":{"line":19,"column":4},"end":{"line":19,"column":26}},"16":{"start":{"line":21,"column":26},"end":{"line":23,"column":3}},"17":{"start":{"line":22,"column":4},"end":{"line":22,"column":25}},"18":{"start":{"line":24,"column":34},"end":{"line":27,"column":3}},"19":{"start":{"line":25,"column":4},"end":{"line":25,"column":24}},"20":{"start":{"line":26,"column":4},"end":{"line":26,"column":25}},"21":{"start":{"line":29,"column":2},"end":{"line":58,"column":4}},"22":{"start":{"line":37,"column":12},"end":{"line":44,"column":14}},"23":{"start":{"line":42,"column":31},"end":{"line":42,"column":63}},"24":{"start":{"line":9,"column":13},"end":{"line":9,"column":24}}},"fnMap":{"0":{"name":"(anonymous_1)","decl":{"start":{"line":9,"column":24},"end":{"line":9,"column":27}},"loc":{"start":{"line":9,"column":29},"end":{"line":59,"column":1}}},"1":{"name":"(anonymous_2)","decl":{"start":{"line":17,"column":27},"end":{"line":17,"column":30}},"loc":{"start":{"line":17,"column":32},"end":{"line":20,"column":3}}},"2":{"name":"(anonymous_3)","decl":{"start":{"line":21,"column":26},"end":{"line":21,"column":29}},"loc":{"start":{"line":21,"column":31},"end":{"line":23,"column":3}}},"3":{"name":"(anonymous_4)","decl":{"start":{"line":24,"column":34},"end":{"line":24,"column":35}},"loc":{"start":{"line":24,"column":55},"end":{"line":27,"column":3}}},"4":{"name":"(anonymous_5)","decl":{"start":{"line":36,"column":21},"end":{"line":36,"column":22}},"loc":{"start":{"line":36,"column":33},"end":{"line":45,"column":11}}},"5":{"name":"(anonymous_6)","decl":{"start":{"line":42,"column":25},"end":{"line":42,"column":28}},"loc":{"start":{"line":42,"column":31},"end":{"line":42,"column":63}}}},"branchMap":{"0":{"loc":{"start":{"line":36,"column":11},"end":{"line":45,"column":12}},"type":"cond-expr","locations":[{"start":{"line":36,"column":15},"end":{"line":36,"column":17}},{"start":{"line":36,"column":11},"end":{"line":45,"column":12}}]},"1":{"loc":{"start":{"line":36,"column":11},"end":{"line":36,"column":17}},"type":"binary-expr","locations":[{"start":{"line":36,"column":11},"end":{"line":36,"column":17}},{"start":{"line":36,"column":11},"end":{"line":36,"column":17}}]}},"s":{"0":3,"1":3,"2":3,"3":3,"4":3,"5":3,"6":3,"7":4,"8":4,"9":4,"10":4,"11":4,"12":4,"13":4,"14":0,"15":0,"16":4,"17":0,"18":4,"19":0,"20":0,"21":4,"22":0,"23":0,"24":3},"f":{"0":4,"1":0,"2":0,"3":0,"4":0,"5":0},"b":{"0":[4,0],"1":[4,4]}}
,"C:\\Users\\danii\\OneDrive\\Рабочий стол\\Test\\src\\pages\\main-page\\index.ts": {"path":"C:\\Users\\danii\\OneDrive\\Рабочий стол\\Test\\src\\pages\\main-page\\index.ts","statementMap":{"0":{"start":{"line":1,"column":0},"end":{"line":1,"column":9}},"1":{"start":{"line":1,"column":9},"end":{"line":1,"column":38}}},"fnMap":{"0":{"name":"(anonymous_0)","decl":{"start":{"line":1,"column":9},"end":{"line":1,"column":17}},"loc":{"start":{"line":1,"column":9},"end":{"line":1,"column":38}}}},"branchMap":{},"s":{"0":3,"1":7},"f":{"0":4},"b":{}}
,"C:\\Users\\danii\\OneDrive\\Рабочий стол\\Test\\src\\pages\\main-page\\api\\index.ts": {"path":"C:\\Users\\danii\\OneDrive\\Рабочий стол\\Test\\src\\pages\\main-page\\api\\index.ts","statementMap":{"0":{"start":{"line":1,"column":0},"end":{"line":1,"column":45}},"1":{"start":{"line":2,"column":0},"end":{"line":2,"column":78}},"2":{"start":{"line":5,"column":21},"end":{"line":7,"column":2}},"3":{"start":{"line":9,"column":20},"end":{"line":9,"column":42}},"4":{"start":{"line":11,"column":27},"end":{"line":19,"column":1}},"5":{"start":{"line":12,"column":2},"end":{"line":18,"column":5}},"6":{"start":{"line":14,"column":24},"end":{"line":17,"column":null}},"7":{"start":{"line":15,"column":23},"end":{"line":15,"column":49}},"8":{"start":{"line":16,"column":6},"end":{"line":16,"column":55}},"9":{"start":{"line":11,"column":13},"end":{"line":11,"column":27}},"10":{"start":{"line":21,"column":26},"end":{"line":29,"column":1}},"11":{"start":{"line":22,"column":22},"end":{"line":22,"column":38}},"12":{"start":{"line":23,"column":2},"end":{"line":28,"column":5}},"13":{"start":{"line":24,"column":38},"end":{"line":24,"column":68}},"14":{"start":{"line":26,"column":6},"end":{"line":26,"column":73}},"15":{"start":{"line":21,"column":13},"end":{"line":21,"column":26}},"16":{"start":{"line":31,"column":29},"end":{"line":39,"column":1}},"17":{"start":{"line":32,"column":22},"end":{"line":32,"column":38}},"18":{"start":{"line":33,"column":2},"end":{"line":38,"column":5}},"19":{"start":{"line":34,"column":42},"end":{"line":34,"column":92}},"20":{"start":{"line":36,"column":6},"end":{"line":36,"column":73}},"21":{"start":{"line":31,"column":13},"end":{"line":31,"column":29}},"22":{"start":{"line":41,"column":29},"end":{"line":49,"column":1}},"23":{"start":{"line":42,"column":22},"end":{"line":42,"column":38}},"24":{"start":{"line":43,"column":2},"end":{"line":48,"column":5}},"25":{"start":{"line":44,"column":32},"end":{"line":44,"column":60}},"26":{"start":{"line":46,"column":6},"end":{"line":46,"column":73}},"27":{"start":{"line":41,"column":13},"end":{"line":41,"column":29}}},"fnMap":{"0":{"name":"(anonymous_7)","decl":{"start":{"line":11,"column":27},"end":{"line":11,"column":30}},"loc":{"start":{"line":11,"column":32},"end":{"line":19,"column":1}}},"1":{"name":"(anonymous_8)","decl":{"start":{"line":14,"column":13},"end":{"line":14,"column":22}},"loc":{"start":{"line":14,"column":24},"end":{"line":17,"column":null}}},"2":{"name":"(anonymous_9)","decl":{"start":{"line":14,"column":24},"end":{"line":14,"column":null}},"loc":{"start":{"line":14,"column":24},"end":{"line":17,"column":5}}},"3":{"name":"(anonymous_10)","decl":{"start":{"line":21,"column":26},"end":{"line":21,"column":29}},"loc":{"start":{"line":21,"column":31},"end":{"line":29,"column":1}}},"4":{"name":"(anonymous_11)","decl":{"start":{"line":24,"column":16},"end":{"line":24,"column":17}},"loc":{"start":{"line":24,"column":38},"end":{"line":24,"column":68}}},"5":{"name":"(anonymous_12)","decl":{"start":{"line":25,"column":15},"end":{"line":25,"column":18}},"loc":{"start":{"line":25,"column":20},"end":{"line":27,"column":5}}},"6":{"name":"(anonymous_13)","decl":{"start":{"line":31,"column":29},"end":{"line":31,"column":32}},"loc":{"start":{"line":31,"column":34},"end":{"line":39,"column":1}}},"7":{"name":"(anonymous_14)","decl":{"start":{"line":34,"column":16},"end":{"line":34,"column":17}},"loc":{"start":{"line":34,"column":42},"end":{"line":34,"column":92}}},"8":{"name":"(anonymous_15)","decl":{"start":{"line":35,"column":15},"end":{"line":35,"column":18}},"loc":{"start":{"line":35,"column":20},"end":{"line":37,"column":5}}},"9":{"name":"(anonymous_16)","decl":{"start":{"line":41,"column":29},"end":{"line":41,"column":32}},"loc":{"start":{"line":41,"column":34},"end":{"line":49,"column":1}}},"10":{"name":"(anonymous_17)","decl":{"start":{"line":44,"column":16},"end":{"line":44,"column":17}},"loc":{"start":{"line":44,"column":32},"end":{"line":44,"column":60}}},"11":{"name":"(anonymous_18)","decl":{"start":{"line":45,"column":15},"end":{"line":45,"column":18}},"loc":{"start":{"line":45,"column":20},"end":{"line":47,"column":5}}}},"branchMap":{},"s":{"0":3,"1":3,"2":3,"3":3,"4":3,"5":4,"6":1,"7":1,"8":0,"9":3,"10":3,"11":4,"12":4,"13":0,"14":0,"15":3,"16":3,"17":4,"18":4,"19":0,"20":0,"21":3,"22":3,"23":4,"24":4,"25":0,"26":0,"27":3},"f":{"0":4,"1":1,"2":1,"3":4,"4":0,"5":0,"6":4,"7":0,"8":0,"9":4,"10":0,"11":0},"b":{}}
,"C:\\Users\\danii\\OneDrive\\Рабочий стол\\Test\\src\\pages\\main-page\\components\\Button\\Button.tsx": {"path":"C:\\Users\\danii\\OneDrive\\Рабочий стол\\Test\\src\\pages\\main-page\\components\\Button\\Button.tsx","statementMap":{"0":{"start":{"line":2,"column":0},"end":{"line":2,"column":42}},"1":{"start":{"line":3,"column":0},"end":{"line":3,"column":60}},"2":{"start":{"line":10,"column":39},"end":{"line":29,"column":1}},"3":{"start":{"line":11,"column":2},"end":{"line":19,"column":3}},"4":{"start":{"line":12,"column":4},"end":{"line":18,"column":6}},"5":{"start":{"line":20,"column":2},"end":{"line":28,"column":3}},"6":{"start":{"line":21,"column":4},"end":{"line":27,"column":6}},"7":{"start":{"line":10,"column":13},"end":{"line":10,"column":39}}},"fnMap":{"0":{"name":"(anonymous_1)","decl":{"start":{"line":10,"column":39},"end":{"line":10,"column":40}},"loc":{"start":{"line":10,"column":61},"end":{"line":29,"column":1}}}},"branchMap":{"0":{"loc":{"start":{"line":11,"column":2},"end":{"line":19,"column":3}},"type":"if","locations":[{"start":{"line":11,"column":2},"end":{"line":19,"column":3}}]},"1":{"loc":{"start":{"line":20,"column":2},"end":{"line":28,"column":3}},"type":"if","locations":[{"start":{"line":20,"column":2},"end":{"line":28,"column":3}}]}},"s":{"0":4,"1":4,"2":4,"3":9,"4":5,"5":4,"6":4,"7":4},"f":{"0":9},"b":{"0":[5],"1":[4]}}
,"C:\\Users\\danii\\OneDrive\\Рабочий стол\\Test\\src\\pages\\main-page\\components\\Button\\index.ts": {"path":"C:\\Users\\danii\\OneDrive\\Рабочий стол\\Test\\src\\pages\\main-page\\components\\Button\\index.ts","statementMap":{"0":{"start":{"line":1,"column":0},"end":{"line":1,"column":9}},"1":{"start":{"line":1,"column":9},"end":{"line":1,"column":47}}},"fnMap":{"0":{"name":"(anonymous_0)","decl":{"start":{"line":1,"column":9},"end":{"line":1,"column":15}},"loc":{"start":{"line":1,"column":9},"end":{"line":1,"column":47}}}},"branchMap":{},"s":{"0":4,"1":13},"f":{"0":9},"b":{}}
,"C:\\Users\\danii\\OneDrive\\Рабочий стол\\Test\\src\\pages\\main-page\\components\\Form\\Form.tsx": {"path":"C:\\Users\\danii\\OneDrive\\Рабочий стол\\Test\\src\\pages\\main-page\\components\\Form\\Form.tsx","statementMap":{"0":{"start":{"line":2,"column":0},"end":{"line":2,"column":40}},"1":{"start":{"line":4,"column":0},"end":{"line":4,"column":57}},"2":{"start":{"line":5,"column":0},"end":{"line":5,"column":71}},"3":{"start":{"line":15,"column":35},"end":{"line":89,"column":1}},"4":{"start":{"line":26,"column":6},"end":{"line":28,"column":4}},"5":{"start":{"line":29,"column":43},"end":{"line":37,"column":3}},"6":{"start":{"line":30,"column":4},"end":{"line":34,"column":5}},"7":{"start":{"line":31,"column":6},"end":{"line":31,"column":25}},"8":{"start":{"line":32,"column":6},"end":{"line":32,"column":21}},"9":{"start":{"line":33,"column":6},"end":{"line":33,"column":13}},"10":{"start":{"line":35,"column":4},"end":{"line":35,"column":26}},"11":{"start":{"line":36,"column":4},"end":{"line":36,"column":19}},"12":{"start":{"line":39,"column":23},"end":{"line":43,"column":3}},"13":{"start":{"line":40,"column":4},"end":{"line":40,"column":29}},"14":{"start":{"line":40,"column":22},"end":{"line":40,"column":29}},"15":{"start":{"line":41,"column":4},"end":{"line":41,"column":29}},"16":{"start":{"line":42,"column":4},"end":{"line":42,"column":19}},"17":{"start":{"line":44,"column":2},"end":{"line":88,"column":4}},"18":{"start":{"line":15,"column":13},"end":{"line":15,"column":35}}},"fnMap":{"0":{"name":"(anonymous_1)","decl":{"start":{"line":15,"column":35},"end":{"line":15,"column":36}},"loc":{"start":{"line":21,"column":5},"end":{"line":89,"column":1}}},"1":{"name":"(anonymous_2)","decl":{"start":{"line":29,"column":43},"end":{"line":29,"column":44}},"loc":{"start":{"line":29,"column":55},"end":{"line":37,"column":3}}},"2":{"name":"(anonymous_3)","decl":{"start":{"line":39,"column":23},"end":{"line":39,"column":26}},"loc":{"start":{"line":39,"column":28},"end":{"line":43,"column":3}}}},"branchMap":{"0":{"loc":{"start":{"line":30,"column":4},"end":{"line":34,"column":5}},"type":"if","locations":[{"start":{"line":30,"column":4},"end":{"line":34,"column":5}}]},"1":{"loc":{"start":{"line":40,"column":4},"end":{"line":40,"column":29}},"type":"if","locations":[{"start":{"line":40,"column":4},"end":{"line":40,"column":29}}]},"2":{"loc":{"start":{"line":40,"column":9},"end":{"line":40,"column":20}},"type":"cond-expr","locations":[{"start":{"line":40,"column":16},"end":{"line":40,"column":18}},{"start":{"line":40,"column":9},"end":{"line":40,"column":20}}]},"3":{"loc":{"start":{"line":40,"column":9},"end":{"line":40,"column":18}},"type":"binary-expr","locations":[{"start":{"line":40,"column":9},"end":{"line":40,"column":18}},{"start":{"line":40,"column":9},"end":{"line":40,"column":18}}]},"4":{"loc":{"start":{"line":73,"column":9},"end":{"line":76,"column":null}},"type":"binary-expr","locations":[{"start":{"line":73,"column":9},"end":{"line":73,"column":20}},{"start":{"line":74,"column":10},"end":{"line":74,"column":null}}]},"5":{"loc":{"start":{"line":73,"column":9},"end":{"line":73,"column":20}},"type":"cond-expr","locations":[{"start":{"line":73,"column":16},"end":{"line":73,"column":18}},{"start":{"line":73,"column":9},"end":{"line":73,"column":20}}]},"6":{"loc":{"start":{"line":73,"column":9},"end":{"line":73,"column":18}},"type":"binary-expr","locations":[{"start":{"line":73,"column":9},"end":{"line":73,"column":18}},{"start":{"line":73,"column":9},"end":{"line":73,"column":18}}]}},"s":{"0":4,"1":4,"2":4,"3":4,"4":1,"5":1,"6":0,"7":0,"8":0,"9":0,"10":0,"11":0,"12":1,"13":0,"14":0,"15":0,"16":0,"17":1,"18":4},"f":{"0":1,"1":0,"2":0},"b":{"0":[0],"1":[0],"2":[0,0],"3":[0,0],"4":[1,0],"5":[1,0],"6":[1,0]}}
,"C:\\Users\\danii\\OneDrive\\Рабочий стол\\Test\\src\\pages\\main-page\\components\\Form\\index.ts": {"path":"C:\\Users\\danii\\OneDrive\\Рабочий стол\\Test\\src\\pages\\main-page\\components\\Form\\index.ts","statementMap":{"0":{"start":{"line":1,"column":0},"end":{"line":1,"column":9}},"1":{"start":{"line":1,"column":9},"end":{"line":1,"column":30}}},"fnMap":{"0":{"name":"(anonymous_0)","decl":{"start":{"line":1,"column":9},"end":{"line":1,"column":13}},"loc":{"start":{"line":1,"column":9},"end":{"line":1,"column":30}}}},"branchMap":{},"s":{"0":4,"1":9},"f":{"0":5},"b":{}}
}
