{"C:\\Users\\danii\\OneDrive\\Рабочий стол\\ya ya\\src\\index.tsx": {"path":"C:\\Users\\danii\\OneDrive\\Рабочий стол\\ya ya\\src\\index.tsx","statementMap":{"0":{"start":{"line":1,"column":0},"end":{"line":1,"column":57}},"1":{"start":{"line":2,"column":0},"end":{"line":2,"column":32}},"2":{"start":{"line":3,"column":0},"end":{"line":3,"column":26}},"3":{"start":{"line":5,"column":18},"end":{"line":5,"column":49}},"4":{"start":{"line":7,"column":13},"end":{"line":7,"column":47}},"5":{"start":{"line":8,"column":0},"end":{"line":12,"column":2}}},"fnMap":{},"branchMap":{},"s":{"0":0,"1":0,"2":0,"3":0,"4":0,"5":0},"f":{},"b":{}}
,"C:\\Users\\danii\\OneDrive\\Рабочий стол\\ya ya\\src\\app\\App.tsx": {"path":"C:\\Users\\danii\\OneDrive\\Рабочий стол\\ya ya\\src\\app\\App.tsx","statementMap":{"0":{"start":{"line":1,"column":0},"end":{"line":1,"column":30}},"1":{"start":{"line":2,"column":0},"end":{"line":2,"column":46}},"2":{"start":{"line":3,"column":0},"end":{"line":3,"column":73}},"3":{"start":{"line":4,"column":20},"end":{"line":4,"column":37}},"4":{"start":{"line":5,"column":29},"end":{"line":11,"column":1}},"5":{"start":{"line":6,"column":2},"end":{"line":10,"column":4}},"6":{"start":{"line":5,"column":13},"end":{"line":5,"column":29}}},"fnMap":{"0":{"name":"(anonymous_0)","decl":{"start":{"line":5,"column":29},"end":{"line":5,"column":32}},"loc":{"start":{"line":5,"column":34},"end":{"line":11,"column":1}}}},"branchMap":{},"s":{"0":0,"1":0,"2":0,"3":0,"4":0,"5":0,"6":0},"f":{"0":0},"b":{}}
,"C:\\Users\\danii\\OneDrive\\Рабочий стол\\ya ya\\src\\modules\\Card\\Card.tsx": {"path":"C:\\Users\\danii\\OneDrive\\Рабочий стол\\ya ya\\src\\modules\\Card\\Card.tsx","statementMap":{"0":{"start":{"line":2,"column":0},"end":{"line":2,"column":40}},"1":{"start":{"line":9,"column":35},"end":{"line":16,"column":1}},"2":{"start":{"line":10,"column":2},"end":{"line":15,"column":4}},"3":{"start":{"line":9,"column":13},"end":{"line":9,"column":35}}},"fnMap":{"0":{"name":"(anonymous_1)","decl":{"start":{"line":9,"column":35},"end":{"line":9,"column":36}},"loc":{"start":{"line":9,"column":65},"end":{"line":16,"column":1}}}},"branchMap":{},"s":{"0":2,"1":2,"2":1,"3":2},"f":{"0":1},"b":{}}
,"C:\\Users\\danii\\OneDrive\\Рабочий стол\\ya ya\\src\\modules\\Card\\index.ts": {"path":"C:\\Users\\danii\\OneDrive\\Рабочий стол\\ya ya\\src\\modules\\Card\\index.ts","statementMap":{"0":{"start":{"line":1,"column":0},"end":{"line":1,"column":9}},"1":{"start":{"line":1,"column":9},"end":{"line":1,"column":30}}},"fnMap":{"0":{"name":"(anonymous_0)","decl":{"start":{"line":1,"column":9},"end":{"line":1,"column":13}},"loc":{"start":{"line":1,"column":9},"end":{"line":1,"column":30}}}},"branchMap":{},"s":{"0":2,"1":3},"f":{"0":1},"b":{}}
,"C:\\Users\\danii\\OneDrive\\Рабочий стол\\ya ya\\src\\modules\\Header\\Header.tsx": {"path":"C:\\Users\\danii\\OneDrive\\Рабочий стол\\ya ya\\src\\modules\\Header\\Header.tsx","statementMap":{"0":{"start":{"line":1,"column":0},"end":{"line":1,"column":42}},"1":{"start":{"line":2,"column":22},"end":{"line":8,"column":1}},"2":{"start":{"line":3,"column":2},"end":{"line":7,"column":4}},"3":{"start":{"line":2,"column":13},"end":{"line":2,"column":22}}},"fnMap":{"0":{"name":"(anonymous_1)","decl":{"start":{"line":2,"column":22},"end":{"line":2,"column":25}},"loc":{"start":{"line":2,"column":27},"end":{"line":8,"column":1}}}},"branchMap":{},"s":{"0":2,"1":2,"2":2,"3":2},"f":{"0":2},"b":{}}
,"C:\\Users\\danii\\OneDrive\\Рабочий стол\\ya ya\\src\\modules\\Header\\index.ts": {"path":"C:\\Users\\danii\\OneDrive\\Рабочий стол\\ya ya\\src\\modules\\Header\\index.ts","statementMap":{"0":{"start":{"line":1,"column":0},"end":{"line":1,"column":9}},"1":{"start":{"line":1,"column":9},"end":{"line":1,"column":34}}},"fnMap":{"0":{"name":"(anonymous_0)","decl":{"start":{"line":1,"column":9},"end":{"line":1,"column":15}},"loc":{"start":{"line":1,"column":9},"end":{"line":1,"column":34}}}},"branchMap":{},"s":{"0":2,"1":4},"f":{"0":2},"b":{}}
,"C:\\Users\\danii\\OneDrive\\Рабочий стол\\ya ya\\src\\modules\\Modal\\Modal.tsx": {"path":"C:\\Users\\danii\\OneDrive\\Рабочий стол\\ya ya\\src\\modules\\Modal\\Modal.tsx","statementMap":{"0":{"start":{"line":1,"column":0},"end":{"line":1,"column":60}},"1":{"start":{"line":2,"column":0},"end":{"line":2,"column":41}},"2":{"start":{"line":3,"column":0},"end":{"line":3,"column":41}},"3":{"start":{"line":6,"column":20},"end":{"line":6,"column":69}},"4":{"start":{"line":8,"column":38},"end":{"line":28,"column":1}},"5":{"start":{"line":9,"column":22},"end":{"line":12,"column":3}},"6":{"start":{"line":10,"column":4},"end":{"line":10,"column":53}},"7":{"start":{"line":10,"column":46},"end":{"line":10,"column":53}},"8":{"start":{"line":11,"column":4},"end":{"line":11,"column":14}},"9":{"start":{"line":14,"column":2},"end":{"line":19,"column":15}},"10":{"start":{"line":15,"column":4},"end":{"line":15,"column":56}},"11":{"start":{"line":15,"column":16},"end":{"line":15,"column":56}},"12":{"start":{"line":16,"column":4},"end":{"line":18,"column":6}},"13":{"start":{"line":17,"column":6},"end":{"line":17,"column":46}},"14":{"start":{"line":21,"column":2},"end":{"line":21,"column":27}},"15":{"start":{"line":21,"column":15},"end":{"line":21,"column":27}},"16":{"start":{"line":22,"column":2},"end":{"line":27,"column":4}},"17":{"start":{"line":8,"column":13},"end":{"line":8,"column":38}}},"fnMap":{"0":{"name":"(anonymous_1)","decl":{"start":{"line":8,"column":38},"end":{"line":8,"column":39}},"loc":{"start":{"line":8,"column":72},"end":{"line":28,"column":1}}},"1":{"name":"(anonymous_2)","decl":{"start":{"line":9,"column":22},"end":{"line":9,"column":23}},"loc":{"start":{"line":9,"column":44},"end":{"line":12,"column":3}}},"2":{"name":"(anonymous_3)","decl":{"start":{"line":14,"column":12},"end":{"line":14,"column":15}},"loc":{"start":{"line":14,"column":17},"end":{"line":19,"column":3}}},"3":{"name":"(anonymous_4)","decl":{"start":{"line":16,"column":11},"end":{"line":16,"column":14}},"loc":{"start":{"line":16,"column":16},"end":{"line":18,"column":5}}}},"branchMap":{"0":{"loc":{"start":{"line":6,"column":20},"end":{"line":6,"column":69}},"type":"binary-expr","locations":[{"start":{"line":6,"column":20},"end":{"line":6,"column":52}},{"start":{"line":6,"column":56},"end":{"line":6,"column":69}}]},"1":{"loc":{"start":{"line":10,"column":4},"end":{"line":10,"column":53}},"type":"if","locations":[{"start":{"line":10,"column":4},"end":{"line":10,"column":53}}]},"2":{"loc":{"start":{"line":15,"column":4},"end":{"line":15,"column":56}},"type":"if","locations":[{"start":{"line":15,"column":4},"end":{"line":15,"column":56}}]},"3":{"loc":{"start":{"line":21,"column":2},"end":{"line":21,"column":27}},"type":"if","locations":[{"start":{"line":21,"column":2},"end":{"line":21,"column":27}}]}},"s":{"0":2,"1":2,"2":2,"3":2,"4":2,"5":2,"6":0,"7":0,"8":0,"9":2,"10":0,"11":0,"12":0,"13":0,"14":2,"15":2,"16":0,"17":2},"f":{"0":2,"1":0,"2":0,"3":0},"b":{"0":[2,2],"1":[0],"2":[0],"3":[2]}}
,"C:\\Users\\danii\\OneDrive\\Рабочий стол\\ya ya\\src\\modules\\Modal\\index.ts": {"path":"C:\\Users\\danii\\OneDrive\\Рабочий стол\\ya ya\\src\\modules\\Modal\\index.ts","statementMap":{"0":{"start":{"line":1,"column":0},"end":{"line":1,"column":9}},"1":{"start":{"line":1,"column":9},"end":{"line":1,"column":32}}},"fnMap":{"0":{"name":"(anonymous_0)","decl":{"start":{"line":1,"column":9},"end":{"line":1,"column":14}},"loc":{"start":{"line":1,"column":9},"end":{"line":1,"column":32}}}},"branchMap":{},"s":{"0":2,"1":4},"f":{"0":2},"b":{}}
,"C:\\Users\\danii\\OneDrive\\Рабочий стол\\ya ya\\src\\pages\\helpers\\createApi.ts": {"path":"C:\\Users\\danii\\OneDrive\\Рабочий стол\\ya ya\\src\\pages\\helpers\\createApi.ts","statementMap":{"0":{"start":{"line":1,"column":0},"end":{"line":1,"column":42}},"1":{"start":{"line":7,"column":17},"end":{"line":7,"column":40}},"2":{"start":{"line":9,"column":25},"end":{"line":28,"column":1}},"3":{"start":{"line":10,"column":24},"end":{"line":12,"column":4}},"4":{"start":{"line":14,"column":2},"end":{"line":25,"column":4}},"5":{"start":{"line":15,"column":18},"end":{"line":15,"column":26}},"6":{"start":{"line":17,"column":6},"end":{"line":19,"column":7}},"7":{"start":{"line":18,"column":8},"end":{"line":18,"column":41}},"8":{"start":{"line":21,"column":6},"end":{"line":21,"column":25}},"9":{"start":{"line":23,"column":6},"end":{"line":23,"column":18}},"10":{"start":{"line":27,"column":2},"end":{"line":27,"column":23}},"11":{"start":{"line":9,"column":13},"end":{"line":9,"column":25}}},"fnMap":{"0":{"name":"(anonymous_1)","decl":{"start":{"line":9,"column":25},"end":{"line":9,"column":26}},"loc":{"start":{"line":9,"column":42},"end":{"line":28,"column":1}}},"1":{"name":"(anonymous_2)","decl":{"start":{"line":15,"column":4},"end":{"line":15,"column":5}},"loc":{"start":{"line":15,"column":18},"end":{"line":15,"column":26}}},"2":{"name":"(anonymous_3)","decl":{"start":{"line":16,"column":4},"end":{"line":16,"column":5}},"loc":{"start":{"line":16,"column":45},"end":{"line":24,"column":5}}}},"branchMap":{"0":{"loc":{"start":{"line":17,"column":6},"end":{"line":19,"column":7}},"type":"if","locations":[{"start":{"line":17,"column":6},"end":{"line":19,"column":7}}]}},"s":{"0":1,"1":1,"2":1,"3":1,"4":1,"5":0,"6":0,"7":0,"8":0,"9":0,"10":1,"11":1},"f":{"0":1,"1":0,"2":0},"b":{"0":[0]}}
,"C:\\Users\\danii\\OneDrive\\Рабочий стол\\ya ya\\src\\pages\\main-page\\MainPage.tsx": {"path":"C:\\Users\\danii\\OneDrive\\Рабочий стол\\ya ya\\src\\pages\\main-page\\MainPage.tsx","statementMap":{"0":{"start":{"line":1,"column":0},"end":{"line":1,"column":44}},"1":{"start":{"line":2,"column":0},"end":{"line":2,"column":46}},"2":{"start":{"line":3,"column":0},"end":{"line":3,"column":42}},"3":{"start":{"line":4,"column":0},"end":{"line":4,"column":45}},"4":{"start":{"line":5,"column":0},"end":{"line":5,"column":44}},"5":{"start":{"line":6,"column":0},"end":{"line":6,"column":41}},"6":{"start":{"line":7,"column":0},"end":{"line":7,"column":33}},"7":{"start":{"line":8,"column":0},"end":{"line":8,"column":87}},"8":{"start":{"line":10,"column":24},"end":{"line":60,"column":1}},"9":{"start":{"line":11,"column":30},"end":{"line":11,"column":43}},"10":{"start":{"line":12,"column":32},"end":{"line":12,"column":44}},"11":{"start":{"line":13,"column":35},"end":{"line":13,"column":50}},"12":{"start":{"line":14,"column":35},"end":{"line":14,"column":50}},"13":{"start":{"line":15,"column":40},"end":{"line":15,"column":55}},"14":{"start":{"line":16,"column":32},"end":{"line":16,"column":62}},"15":{"start":{"line":18,"column":27},"end":{"line":21,"column":3}},"16":{"start":{"line":19,"column":4},"end":{"line":19,"column":21}},"17":{"start":{"line":20,"column":4},"end":{"line":20,"column":26}},"18":{"start":{"line":22,"column":26},"end":{"line":24,"column":3}},"19":{"start":{"line":23,"column":4},"end":{"line":23,"column":25}},"20":{"start":{"line":25,"column":34},"end":{"line":28,"column":3}},"21":{"start":{"line":26,"column":4},"end":{"line":26,"column":24}},"22":{"start":{"line":27,"column":4},"end":{"line":27,"column":25}},"23":{"start":{"line":30,"column":2},"end":{"line":59,"column":4}},"24":{"start":{"line":38,"column":12},"end":{"line":45,"column":14}},"25":{"start":{"line":43,"column":31},"end":{"line":43,"column":63}},"26":{"start":{"line":10,"column":13},"end":{"line":10,"column":24}}},"fnMap":{"0":{"name":"(anonymous_1)","decl":{"start":{"line":10,"column":24},"end":{"line":10,"column":27}},"loc":{"start":{"line":10,"column":29},"end":{"line":60,"column":1}}},"1":{"name":"(anonymous_2)","decl":{"start":{"line":18,"column":27},"end":{"line":18,"column":30}},"loc":{"start":{"line":18,"column":32},"end":{"line":21,"column":3}}},"2":{"name":"(anonymous_3)","decl":{"start":{"line":22,"column":26},"end":{"line":22,"column":29}},"loc":{"start":{"line":22,"column":31},"end":{"line":24,"column":3}}},"3":{"name":"(anonymous_4)","decl":{"start":{"line":25,"column":34},"end":{"line":25,"column":35}},"loc":{"start":{"line":25,"column":55},"end":{"line":28,"column":3}}},"4":{"name":"(anonymous_5)","decl":{"start":{"line":37,"column":21},"end":{"line":37,"column":22}},"loc":{"start":{"line":37,"column":33},"end":{"line":46,"column":11}}},"5":{"name":"(anonymous_6)","decl":{"start":{"line":43,"column":25},"end":{"line":43,"column":28}},"loc":{"start":{"line":43,"column":31},"end":{"line":43,"column":63}}}},"branchMap":{"0":{"loc":{"start":{"line":37,"column":11},"end":{"line":46,"column":12}},"type":"cond-expr","locations":[{"start":{"line":37,"column":15},"end":{"line":37,"column":17}},{"start":{"line":37,"column":11},"end":{"line":46,"column":12}}]},"1":{"loc":{"start":{"line":37,"column":11},"end":{"line":37,"column":17}},"type":"binary-expr","locations":[{"start":{"line":37,"column":11},"end":{"line":37,"column":17}},{"start":{"line":37,"column":11},"end":{"line":37,"column":17}}]}},"s":{"0":1,"1":1,"2":1,"3":1,"4":1,"5":1,"6":1,"7":1,"8":1,"9":1,"10":1,"11":1,"12":1,"13":1,"14":1,"15":1,"16":0,"17":0,"18":1,"19":0,"20":1,"21":0,"22":0,"23":1,"24":0,"25":0,"26":1},"f":{"0":1,"1":0,"2":0,"3":0,"4":0,"5":0},"b":{"0":[1,0],"1":[1,1]}}
,"C:\\Users\\danii\\OneDrive\\Рабочий стол\\ya ya\\src\\pages\\main-page\\index.ts": {"path":"C:\\Users\\danii\\OneDrive\\Рабочий стол\\ya ya\\src\\pages\\main-page\\index.ts","statementMap":{"0":{"start":{"line":1,"column":0},"end":{"line":1,"column":9}},"1":{"start":{"line":1,"column":9},"end":{"line":1,"column":38}}},"fnMap":{"0":{"name":"(anonymous_0)","decl":{"start":{"line":1,"column":9},"end":{"line":1,"column":17}},"loc":{"start":{"line":1,"column":9},"end":{"line":1,"column":38}}}},"branchMap":{},"s":{"0":1,"1":2},"f":{"0":1},"b":{}}
,"C:\\Users\\danii\\OneDrive\\Рабочий стол\\ya ya\\src\\pages\\main-page\\api\\index.ts": {"path":"C:\\Users\\danii\\OneDrive\\Рабочий стол\\ya ya\\src\\pages\\main-page\\api\\index.ts","statementMap":{"0":{"start":{"line":1,"column":0},"end":{"line":1,"column":52}},"1":{"start":{"line":2,"column":0},"end":{"line":2,"column":78}},"2":{"start":{"line":11,"column":21},"end":{"line":13,"column":2}},"3":{"start":{"line":15,"column":20},"end":{"line":15,"column":42}},"4":{"start":{"line":17,"column":27},"end":{"line":25,"column":1}},"5":{"start":{"line":18,"column":2},"end":{"line":24,"column":5}},"6":{"start":{"line":20,"column":24},"end":{"line":23,"column":null}},"7":{"start":{"line":21,"column":23},"end":{"line":21,"column":60}},"8":{"start":{"line":22,"column":6},"end":{"line":22,"column":27}},"9":{"start":{"line":17,"column":13},"end":{"line":17,"column":27}},"10":{"start":{"line":27,"column":26},"end":{"line":35,"column":1}},"11":{"start":{"line":28,"column":22},"end":{"line":28,"column":38}},"12":{"start":{"line":29,"column":2},"end":{"line":34,"column":5}},"13":{"start":{"line":30,"column":38},"end":{"line":30,"column":68}},"14":{"start":{"line":32,"column":6},"end":{"line":32,"column":73}},"15":{"start":{"line":27,"column":13},"end":{"line":27,"column":26}},"16":{"start":{"line":37,"column":29},"end":{"line":45,"column":1}},"17":{"start":{"line":38,"column":22},"end":{"line":38,"column":38}},"18":{"start":{"line":39,"column":2},"end":{"line":44,"column":5}},"19":{"start":{"line":40,"column":42},"end":{"line":40,"column":92}},"20":{"start":{"line":42,"column":6},"end":{"line":42,"column":73}},"21":{"start":{"line":37,"column":13},"end":{"line":37,"column":29}},"22":{"start":{"line":47,"column":29},"end":{"line":55,"column":1}},"23":{"start":{"line":48,"column":22},"end":{"line":48,"column":38}},"24":{"start":{"line":49,"column":2},"end":{"line":54,"column":5}},"25":{"start":{"line":50,"column":32},"end":{"line":50,"column":60}},"26":{"start":{"line":52,"column":6},"end":{"line":52,"column":73}},"27":{"start":{"line":47,"column":13},"end":{"line":47,"column":29}}},"fnMap":{"0":{"name":"(anonymous_7)","decl":{"start":{"line":17,"column":27},"end":{"line":17,"column":30}},"loc":{"start":{"line":17,"column":32},"end":{"line":25,"column":1}}},"1":{"name":"(anonymous_8)","decl":{"start":{"line":20,"column":13},"end":{"line":20,"column":22}},"loc":{"start":{"line":20,"column":24},"end":{"line":23,"column":null}}},"2":{"name":"(anonymous_9)","decl":{"start":{"line":20,"column":24},"end":{"line":20,"column":null}},"loc":{"start":{"line":20,"column":24},"end":{"line":23,"column":5}}},"3":{"name":"(anonymous_10)","decl":{"start":{"line":27,"column":26},"end":{"line":27,"column":29}},"loc":{"start":{"line":27,"column":31},"end":{"line":35,"column":1}}},"4":{"name":"(anonymous_11)","decl":{"start":{"line":30,"column":16},"end":{"line":30,"column":17}},"loc":{"start":{"line":30,"column":38},"end":{"line":30,"column":68}}},"5":{"name":"(anonymous_12)","decl":{"start":{"line":31,"column":15},"end":{"line":31,"column":18}},"loc":{"start":{"line":31,"column":20},"end":{"line":33,"column":5}}},"6":{"name":"(anonymous_13)","decl":{"start":{"line":37,"column":29},"end":{"line":37,"column":32}},"loc":{"start":{"line":37,"column":34},"end":{"line":45,"column":1}}},"7":{"name":"(anonymous_14)","decl":{"start":{"line":40,"column":16},"end":{"line":40,"column":17}},"loc":{"start":{"line":40,"column":42},"end":{"line":40,"column":92}}},"8":{"name":"(anonymous_15)","decl":{"start":{"line":41,"column":15},"end":{"line":41,"column":18}},"loc":{"start":{"line":41,"column":20},"end":{"line":43,"column":5}}},"9":{"name":"(anonymous_16)","decl":{"start":{"line":47,"column":29},"end":{"line":47,"column":32}},"loc":{"start":{"line":47,"column":34},"end":{"line":55,"column":1}}},"10":{"name":"(anonymous_17)","decl":{"start":{"line":50,"column":16},"end":{"line":50,"column":17}},"loc":{"start":{"line":50,"column":32},"end":{"line":50,"column":60}}},"11":{"name":"(anonymous_18)","decl":{"start":{"line":51,"column":15},"end":{"line":51,"column":18}},"loc":{"start":{"line":51,"column":20},"end":{"line":53,"column":5}}}},"branchMap":{},"s":{"0":1,"1":1,"2":1,"3":1,"4":1,"5":1,"6":0,"7":0,"8":0,"9":1,"10":1,"11":1,"12":1,"13":0,"14":0,"15":1,"16":1,"17":1,"18":1,"19":0,"20":0,"21":1,"22":1,"23":1,"24":1,"25":0,"26":0,"27":1},"f":{"0":1,"1":0,"2":0,"3":1,"4":0,"5":0,"6":1,"7":0,"8":0,"9":1,"10":0,"11":0},"b":{}}
,"C:\\Users\\danii\\OneDrive\\Рабочий стол\\ya ya\\src\\pages\\main-page\\components\\Button\\Button.tsx": {"path":"C:\\Users\\danii\\OneDrive\\Рабочий стол\\ya ya\\src\\pages\\main-page\\components\\Button\\Button.tsx","statementMap":{"0":{"start":{"line":2,"column":0},"end":{"line":2,"column":42}},"1":{"start":{"line":3,"column":0},"end":{"line":3,"column":56}},"2":{"start":{"line":10,"column":39},"end":{"line":29,"column":1}},"3":{"start":{"line":11,"column":2},"end":{"line":19,"column":3}},"4":{"start":{"line":12,"column":4},"end":{"line":18,"column":6}},"5":{"start":{"line":20,"column":2},"end":{"line":28,"column":3}},"6":{"start":{"line":21,"column":4},"end":{"line":27,"column":6}},"7":{"start":{"line":10,"column":13},"end":{"line":10,"column":39}}},"fnMap":{"0":{"name":"(anonymous_1)","decl":{"start":{"line":10,"column":39},"end":{"line":10,"column":40}},"loc":{"start":{"line":10,"column":61},"end":{"line":29,"column":1}}}},"branchMap":{"0":{"loc":{"start":{"line":11,"column":2},"end":{"line":19,"column":3}},"type":"if","locations":[{"start":{"line":11,"column":2},"end":{"line":19,"column":3}}]},"1":{"loc":{"start":{"line":20,"column":2},"end":{"line":28,"column":3}},"type":"if","locations":[{"start":{"line":20,"column":2},"end":{"line":28,"column":3}}]}},"s":{"0":2,"1":2,"2":2,"3":3,"4":2,"5":1,"6":1,"7":2},"f":{"0":3},"b":{"0":[2],"1":[1]}}
,"C:\\Users\\danii\\OneDrive\\Рабочий стол\\ya ya\\src\\pages\\main-page\\components\\Button\\index.ts": {"path":"C:\\Users\\danii\\OneDrive\\Рабочий стол\\ya ya\\src\\pages\\main-page\\components\\Button\\index.ts","statementMap":{"0":{"start":{"line":1,"column":0},"end":{"line":1,"column":9}},"1":{"start":{"line":1,"column":9},"end":{"line":1,"column":33}}},"fnMap":{"0":{"name":"(anonymous_0)","decl":{"start":{"line":1,"column":9},"end":{"line":1,"column":15}},"loc":{"start":{"line":1,"column":9},"end":{"line":1,"column":33}}}},"branchMap":{},"s":{"0":2,"1":5},"f":{"0":3},"b":{}}
,"C:\\Users\\danii\\OneDrive\\Рабочий стол\\ya ya\\src\\pages\\main-page\\components\\Form\\Form.tsx": {"path":"C:\\Users\\danii\\OneDrive\\Рабочий стол\\ya ya\\src\\pages\\main-page\\components\\Form\\Form.tsx","statementMap":{"0":{"start":{"line":2,"column":0},"end":{"line":2,"column":40}},"1":{"start":{"line":4,"column":0},"end":{"line":4,"column":57}},"2":{"start":{"line":5,"column":0},"end":{"line":5,"column":67}},"3":{"start":{"line":15,"column":35},"end":{"line":71,"column":1}},"4":{"start":{"line":26,"column":6},"end":{"line":28,"column":4}},"5":{"start":{"line":29,"column":43},"end":{"line":37,"column":3}},"6":{"start":{"line":30,"column":4},"end":{"line":34,"column":5}},"7":{"start":{"line":31,"column":6},"end":{"line":31,"column":25}},"8":{"start":{"line":32,"column":6},"end":{"line":32,"column":21}},"9":{"start":{"line":33,"column":6},"end":{"line":33,"column":13}},"10":{"start":{"line":35,"column":4},"end":{"line":35,"column":26}},"11":{"start":{"line":36,"column":4},"end":{"line":36,"column":19}},"12":{"start":{"line":39,"column":23},"end":{"line":43,"column":3}},"13":{"start":{"line":40,"column":4},"end":{"line":40,"column":29}},"14":{"start":{"line":40,"column":22},"end":{"line":40,"column":29}},"15":{"start":{"line":41,"column":4},"end":{"line":41,"column":29}},"16":{"start":{"line":42,"column":4},"end":{"line":42,"column":19}},"17":{"start":{"line":44,"column":2},"end":{"line":70,"column":4}},"18":{"start":{"line":15,"column":13},"end":{"line":15,"column":35}}},"fnMap":{"0":{"name":"(anonymous_1)","decl":{"start":{"line":15,"column":35},"end":{"line":15,"column":36}},"loc":{"start":{"line":21,"column":5},"end":{"line":71,"column":1}}},"1":{"name":"(anonymous_2)","decl":{"start":{"line":29,"column":43},"end":{"line":29,"column":44}},"loc":{"start":{"line":29,"column":55},"end":{"line":37,"column":3}}},"2":{"name":"(anonymous_3)","decl":{"start":{"line":39,"column":23},"end":{"line":39,"column":26}},"loc":{"start":{"line":39,"column":28},"end":{"line":43,"column":3}}}},"branchMap":{"0":{"loc":{"start":{"line":30,"column":4},"end":{"line":34,"column":5}},"type":"if","locations":[{"start":{"line":30,"column":4},"end":{"line":34,"column":5}}]},"1":{"loc":{"start":{"line":40,"column":4},"end":{"line":40,"column":29}},"type":"if","locations":[{"start":{"line":40,"column":4},"end":{"line":40,"column":29}}]},"2":{"loc":{"start":{"line":40,"column":9},"end":{"line":40,"column":20}},"type":"cond-expr","locations":[{"start":{"line":40,"column":16},"end":{"line":40,"column":18}},{"start":{"line":40,"column":9},"end":{"line":40,"column":20}}]},"3":{"loc":{"start":{"line":40,"column":9},"end":{"line":40,"column":18}},"type":"binary-expr","locations":[{"start":{"line":40,"column":9},"end":{"line":40,"column":18}},{"start":{"line":40,"column":9},"end":{"line":40,"column":18}}]},"4":{"loc":{"start":{"line":55,"column":9},"end":{"line":58,"column":null}},"type":"binary-expr","locations":[{"start":{"line":55,"column":9},"end":{"line":55,"column":20}},{"start":{"line":56,"column":10},"end":{"line":56,"column":null}}]},"5":{"loc":{"start":{"line":55,"column":9},"end":{"line":55,"column":20}},"type":"cond-expr","locations":[{"start":{"line":55,"column":16},"end":{"line":55,"column":18}},{"start":{"line":55,"column":9},"end":{"line":55,"column":20}}]},"6":{"loc":{"start":{"line":55,"column":9},"end":{"line":55,"column":18}},"type":"binary-expr","locations":[{"start":{"line":55,"column":9},"end":{"line":55,"column":18}},{"start":{"line":55,"column":9},"end":{"line":55,"column":18}}]}},"s":{"0":2,"1":2,"2":2,"3":2,"4":1,"5":1,"6":0,"7":0,"8":0,"9":0,"10":0,"11":0,"12":1,"13":0,"14":0,"15":0,"16":0,"17":1,"18":2},"f":{"0":1,"1":0,"2":0},"b":{"0":[0],"1":[0],"2":[0,0],"3":[0,0],"4":[1,0],"5":[1,0],"6":[1,0]}}
,"C:\\Users\\danii\\OneDrive\\Рабочий стол\\ya ya\\src\\pages\\main-page\\components\\Form\\index.ts": {"path":"C:\\Users\\danii\\OneDrive\\Рабочий стол\\ya ya\\src\\pages\\main-page\\components\\Form\\index.ts","statementMap":{"0":{"start":{"line":1,"column":0},"end":{"line":1,"column":9}},"1":{"start":{"line":1,"column":9},"end":{"line":1,"column":30}}},"fnMap":{"0":{"name":"(anonymous_0)","decl":{"start":{"line":1,"column":9},"end":{"line":1,"column":13}},"loc":{"start":{"line":1,"column":9},"end":{"line":1,"column":30}}}},"branchMap":{},"s":{"0":2,"1":4},"f":{"0":2},"b":{}}
,"C:\\Users\\danii\\OneDrive\\Рабочий стол\\ya ya\\src\\ui-kit\\index.ts": {"path":"C:\\Users\\danii\\OneDrive\\Рабочий стол\\ya ya\\src\\ui-kit\\index.ts","statementMap":{"0":{"start":{"line":1,"column":0},"end":{"line":1,"column":24}},"1":{"start":{"line":2,"column":0},"end":{"line":2,"column":25}},"2":{"start":{"line":3,"column":0},"end":{"line":3,"column":23}}},"fnMap":{},"branchMap":{},"s":{"0":6,"1":6,"2":6},"f":{},"b":{}}
,"C:\\Users\\danii\\OneDrive\\Рабочий стол\\ya ya\\src\\ui-kit\\Button\\Button.tsx": {"path":"C:\\Users\\danii\\OneDrive\\Рабочий стол\\ya ya\\src\\ui-kit\\Button\\Button.tsx","statementMap":{"0":{"start":{"line":2,"column":0},"end":{"line":2,"column":42}},"1":{"start":{"line":3,"column":0},"end":{"line":3,"column":28}},"2":{"start":{"line":11,"column":39},"end":{"line":23,"column":1}},"3":{"start":{"line":12,"column":20},"end":{"line":17,"column":4}},"4":{"start":{"line":18,"column":2},"end":{"line":22,"column":4}},"5":{"start":{"line":11,"column":13},"end":{"line":11,"column":39}}},"fnMap":{"0":{"name":"(anonymous_1)","decl":{"start":{"line":11,"column":39},"end":{"line":11,"column":40}},"loc":{"start":{"line":11,"column":93},"end":{"line":23,"column":1}}}},"branchMap":{"0":{"loc":{"start":{"line":11,"column":42},"end":{"line":11,"column":58}},"type":"default-arg","locations":[{"start":{"line":11,"column":49},"end":{"line":11,"column":58}}]}},"s":{"0":6,"1":6,"2":6,"3":6,"4":6,"5":6},"f":{"0":6},"b":{"0":[1]}}
,"C:\\Users\\danii\\OneDrive\\Рабочий стол\\ya ya\\src\\ui-kit\\Button\\index.ts": {"path":"C:\\Users\\danii\\OneDrive\\Рабочий стол\\ya ya\\src\\ui-kit\\Button\\index.ts","statementMap":{"0":{"start":{"line":1,"column":0},"end":{"line":1,"column":9}},"1":{"start":{"line":1,"column":9},"end":{"line":1,"column":34}}},"fnMap":{"0":{"name":"(anonymous_0)","decl":{"start":{"line":1,"column":9},"end":{"line":1,"column":15}},"loc":{"start":{"line":1,"column":9},"end":{"line":1,"column":34}}}},"branchMap":{},"s":{"0":6,"1":12},"f":{"0":6},"b":{}}
,"C:\\Users\\danii\\OneDrive\\Рабочий стол\\ya ya\\src\\ui-kit\\Form\\Form.tsx": {"path":"C:\\Users\\danii\\OneDrive\\Рабочий стол\\ya ya\\src\\ui-kit\\Form\\Form.tsx","statementMap":{"0":{"start":{"line":2,"column":0},"end":{"line":2,"column":40}},"1":{"start":{"line":7,"column":35},"end":{"line":13,"column":1}},"2":{"start":{"line":8,"column":2},"end":{"line":12,"column":4}},"3":{"start":{"line":7,"column":13},"end":{"line":7,"column":35}}},"fnMap":{"0":{"name":"(anonymous_1)","decl":{"start":{"line":7,"column":35},"end":{"line":7,"column":36}},"loc":{"start":{"line":7,"column":62},"end":{"line":13,"column":1}}}},"branchMap":{},"s":{"0":6,"1":6,"2":2,"3":6},"f":{"0":2},"b":{}}
,"C:\\Users\\danii\\OneDrive\\Рабочий стол\\ya ya\\src\\ui-kit\\Form\\index.ts": {"path":"C:\\Users\\danii\\OneDrive\\Рабочий стол\\ya ya\\src\\ui-kit\\Form\\index.ts","statementMap":{"0":{"start":{"line":1,"column":0},"end":{"line":1,"column":9}},"1":{"start":{"line":1,"column":9},"end":{"line":1,"column":30}}},"fnMap":{"0":{"name":"(anonymous_0)","decl":{"start":{"line":1,"column":9},"end":{"line":1,"column":13}},"loc":{"start":{"line":1,"column":9},"end":{"line":1,"column":30}}}},"branchMap":{},"s":{"0":6,"1":8},"f":{"0":2},"b":{}}
,"C:\\Users\\danii\\OneDrive\\Рабочий стол\\ya ya\\src\\ui-kit\\Input\\Input.tsx": {"path":"C:\\Users\\danii\\OneDrive\\Рабочий стол\\ya ya\\src\\ui-kit\\Input\\Input.tsx","statementMap":{"0":{"start":{"line":1,"column":0},"end":{"line":1,"column":69}},"1":{"start":{"line":2,"column":0},"end":{"line":2,"column":41}},"2":{"start":{"line":10,"column":13},"end":{"line":19,"column":2}},"3":{"start":{"line":12,"column":4},"end":{"line":17,"column":6}}},"fnMap":{"0":{"name":"(anonymous_1)","decl":{"start":{"line":11,"column":2},"end":{"line":11,"column":3}},"loc":{"start":{"line":11,"column":43},"end":{"line":18,"column":3}}}},"branchMap":{},"s":{"0":6,"1":6,"2":6,"3":4},"f":{"0":4},"b":{}}
,"C:\\Users\\danii\\OneDrive\\Рабочий стол\\ya ya\\src\\ui-kit\\Input\\index.ts": {"path":"C:\\Users\\danii\\OneDrive\\Рабочий стол\\ya ya\\src\\ui-kit\\Input\\index.ts","statementMap":{"0":{"start":{"line":1,"column":0},"end":{"line":1,"column":9}},"1":{"start":{"line":1,"column":9},"end":{"line":1,"column":32}}},"fnMap":{"0":{"name":"(anonymous_0)","decl":{"start":{"line":1,"column":9},"end":{"line":1,"column":14}},"loc":{"start":{"line":1,"column":9},"end":{"line":1,"column":32}}}},"branchMap":{},"s":{"0":6,"1":10},"f":{"0":4},"b":{}}
}
